  正在验证源
  正在将源远程复制到“192.168.220.134”
  正在验证体系结构
  正在验证体系结构
  正在启动远程生成
  正在编译源:
  TcpClientMain.cpp
D:\VisualStudio_program\多端安全协议传输平台\TcpClient\TcpClientMain.cpp(24,21): warning : unused variable ‘recvLen’ [-Wunused-variable]
D:\VisualStudio_program\多端安全协议传输平台\TcpClient\TcpClientMain.cpp(24,21): warning :    24 |                 int recvLen = -1;
D:\VisualStudio_program\多端安全协议传输平台\TcpClient\TcpClientMain.cpp(24,21): warning :       |                     ^~~~~~~
  TcpSocket.cpp
D:\VisualStudio_program\多端安全协议传输平台\TcpClient\TcpSocket.cpp(130,47): warning : conversion from ‘std::__cxx11::basic_string<char>::size_type’ {aka ‘long unsigned int’} to ‘int’ may change value [-Wconversion]
D:\VisualStudio_program\多端安全协议传输平台\TcpClient\TcpSocket.cpp(130,47): warning :   130 |                 int dataLen = sendData.size() + 4;
D:\VisualStudio_program\多端安全协议传输平台\TcpClient\TcpSocket.cpp(130,47): warning :       |                               ~~~~~~~~~~~~~~~~^~~
D:\VisualStudio_program\多端安全协议传输平台\TcpClient\TcpSocket.cpp(140,49): warning : conversion from ‘std::__cxx11::basic_string<char>::size_type’ {aka ‘long unsigned int’} to ‘uint32_t’ {aka ‘unsigned int’} may change value [-Wconversion]
D:\VisualStudio_program\多端安全协议传输平台\TcpClient\TcpSocket.cpp(140,49): warning :   140 |                 int netlen = htonl(sendData.size());
D:\VisualStudio_program\多端安全协议传输平台\TcpClient\TcpSocket.cpp(140,49): warning :       |                                    ~~~~~~~~~~~~~^~
D:\VisualStudio_program\多端安全协议传输平台\TcpClient\TcpSocket.cpp(314,38): warning : conversion from ‘size_t’ {aka ‘long unsigned int’} to ‘int’ may change value [-Wconversion]
D:\VisualStudio_program\多端安全协议传输平台\TcpClient\TcpSocket.cpp(314,38): warning :   314 |                         return count - nleft;
D:\VisualStudio_program\多端安全协议传输平台\TcpClient\TcpSocket.cpp(314,38): warning :       |                                ~~~~~~^~~~~~~
D:\VisualStudio_program\多端安全协议传输平台\TcpClient\TcpSocket.cpp(347,1): warning : control reaches end of non-void function [-Wreturn-type]
D:\VisualStudio_program\多端安全协议传输平台\TcpClient\TcpSocket.cpp(347,1): warning :   347 | }
D:\VisualStudio_program\多端安全协议传输平台\TcpClient\TcpSocket.cpp(347,1): warning :       | ^
D:\VisualStudio_program\多端安全协议传输平台\TcpClient\TcpSocket.cpp(372,1): warning : control reaches end of non-void function [-Wreturn-type]
D:\VisualStudio_program\多端安全协议传输平台\TcpClient\TcpSocket.cpp(372,1): warning :   372 | }
D:\VisualStudio_program\多端安全协议传输平台\TcpClient\TcpSocket.cpp(372,1): warning :       | ^
  正在链接对象
  TcpClient.vcxproj -> D:\VisualStudio_program\多端安全协议传输平台\TcpClient\bin\x64\Debug\TcpClient.out
