d:\visualstudio_program\多端安全协议传输平台\enddeccode\enddeccode\x64\debug\vc143.pdb
d:\visualstudio_program\多端安全协议传输平台\enddeccode\enddeccode\x64\debug\vc143.idb
d:\visualstudio_program\多端安全协议传输平台\enddeccode\enddeccode\x64\debug\test.obj
d:\visualstudio_program\多端安全协议传输平台\enddeccode\enddeccode\x64\debug\respondfactory.obj
d:\visualstudio_program\多端安全协议传输平台\enddeccode\enddeccode\x64\debug\respondcodec.obj
d:\visualstudio_program\多端安全协议传输平台\enddeccode\enddeccode\x64\debug\requestfactory.obj
d:\visualstudio_program\多端安全协议传输平台\enddeccode\enddeccode\x64\debug\requestcodec.obj
d:\visualstudio_program\多端安全协议传输平台\enddeccode\enddeccode\x64\debug\msg.pb.obj
d:\visualstudio_program\多端安全协议传输平台\enddeccode\enddeccode\x64\debug\codecfactory.obj
d:\visualstudio_program\多端安全协议传输平台\enddeccode\enddeccode\x64\debug\codec.obj
d:\visualstudio_program\多端安全协议传输平台\enddeccode\x64\debug\enddeccode.exe
d:\visualstudio_program\多端安全协议传输平台\enddeccode\x64\debug\enddeccode.pdb
d:\visualstudio_program\多端安全协议传输平台\enddeccode\enddeccode\x64\debug\enddeccode.ilk
d:\visualstudio_program\多端安全协议传输平台\enddeccode\enddeccode\x64\debug\enddeccode.tlog\cl.command.1.tlog
d:\visualstudio_program\多端安全协议传输平台\enddeccode\enddeccode\x64\debug\enddeccode.tlog\cl.items.tlog
d:\visualstudio_program\多端安全协议传输平台\enddeccode\enddeccode\x64\debug\enddeccode.tlog\cl.read.1.tlog
d:\visualstudio_program\多端安全协议传输平台\enddeccode\enddeccode\x64\debug\enddeccode.tlog\cl.write.1.tlog
d:\visualstudio_program\多端安全协议传输平台\enddeccode\enddeccode\x64\debug\enddeccode.tlog\link.command.1.tlog
d:\visualstudio_program\多端安全协议传输平台\enddeccode\enddeccode\x64\debug\enddeccode.tlog\link.read.1.tlog
d:\visualstudio_program\多端安全协议传输平台\enddeccode\enddeccode\x64\debug\enddeccode.tlog\link.secondary.1.tlog
d:\visualstudio_program\多端安全协议传输平台\enddeccode\enddeccode\x64\debug\enddeccode.tlog\link.write.1.tlog
