  Codec.cpp
  CodecFactory.cpp
  msg.pb.cc
D:\Protobuf\protoc\include\google\protobuf\io\coded_stream.h(881,28): warning C4251: “google::protobuf::io::CodedOutputStream::default_serialization_deterministic_”:“std::atomic<bool>”需要有 dll 接口以供“google::protobuf::io::CodedOutputStream”的客户端使用
  (编译源文件“msg.pb.cc”)
      D:\Program Files\Microsoft Visual Studio Enterprise 2022\VC\Tools\MSVC\14.41.34120\include\atomic(2154,8):
      参见“std::atomic<bool>”的声明
  
D:\Protobuf\protoc\include\google\protobuf\stubs\logging.h(102,15): warning C4251: “google::protobuf::internal::LogMessage::message_”:“std::basic_string<char,std::char_traits<char>,std::allocator<char>>”需要有 dll 接口以供“google::protobuf::internal::LogMessage”的客户端使用
  (编译源文件“msg.pb.cc”)
      D:\Program Files\Microsoft Visual Studio Enterprise 2022\VC\Tools\MSVC\14.41.34120\include\xstring(527,7):
      参见“std::basic_string<char,std::char_traits<char>,std::allocator<char>>”的声明
  
D:\Protobuf\protoc\include\google\protobuf\arena_impl.h(251,35): warning C4251: “google::protobuf::internal::ArenaImpl::lifecycle_id_generator_”:“std::atomic<__int64>”需要有 dll 接口以供“google::protobuf::internal::ArenaImpl”的客户端使用
  (编译源文件“msg.pb.cc”)
      D:\Program Files\Microsoft Visual Studio Enterprise 2022\VC\Tools\MSVC\14.41.34120\include\atomic(2154,8):
      参见“std::atomic<__int64>”的声明
  
D:\Protobuf\protoc\include\google\protobuf\arena_impl.h(285,7): warning C4251: “google::protobuf::internal::ArenaImpl::threads_”:“std::atomic<google::protobuf::internal::ArenaImpl::SerialArena *>”需要有 dll 接口以供“google::protobuf::internal::ArenaImpl”的客户端使用
  (编译源文件“msg.pb.cc”)
      D:\Program Files\Microsoft Visual Studio Enterprise 2022\VC\Tools\MSVC\14.41.34120\include\atomic(2154,8):
      参见“std::atomic<google::protobuf::internal::ArenaImpl::SerialArena *>”的声明
  
D:\Protobuf\protoc\include\google\protobuf\arena_impl.h(286,29): warning C4251: “google::protobuf::internal::ArenaImpl::hint_”:“std::atomic<google::protobuf::internal::ArenaImpl::SerialArena *>”需要有 dll 接口以供“google::protobuf::internal::ArenaImpl”的客户端使用
  (编译源文件“msg.pb.cc”)
      D:\Program Files\Microsoft Visual Studio Enterprise 2022\VC\Tools\MSVC\14.41.34120\include\atomic(2154,8):
      参见“std::atomic<google::protobuf::internal::ArenaImpl::SerialArena *>”的声明
  
D:\Protobuf\protoc\include\google\protobuf\arena_impl.h(287,23): warning C4251: “google::protobuf::internal::ArenaImpl::space_allocated_”:“std::atomic<unsigned __int64>”需要有 dll 接口以供“google::protobuf::internal::ArenaImpl”的客户端使用
  (编译源文件“msg.pb.cc”)
      D:\Program Files\Microsoft Visual Studio Enterprise 2022\VC\Tools\MSVC\14.41.34120\include\atomic(2154,8):
      参见“std::atomic<unsigned __int64>”的声明
  
D:\Protobuf\protoc\include\google\protobuf\arena_impl.h(299,11): warning C4251: “google::protobuf::internal::ArenaImpl::options_”:“google::protobuf::internal::ArenaImpl::Options”需要有 dll 接口以供“google::protobuf::internal::ArenaImpl”的客户端使用
  (编译源文件“msg.pb.cc”)
      D:\Protobuf\protoc\include\google\protobuf\arena_impl.h(68,10):
      参见“google::protobuf::internal::ArenaImpl::Options”的声明
  
D:\Protobuf\protoc\include\google\protobuf\implicit_weak_message.h(97,15): warning C4251: “google::protobuf::internal::ImplicitWeakMessage::data_”:“std::basic_string<char,std::char_traits<char>,std::allocator<char>>”需要有 dll 接口以供“google::protobuf::internal::ImplicitWeakMessage”的客户端使用
  (编译源文件“msg.pb.cc”)
      D:\Program Files\Microsoft Visual Studio Enterprise 2022\VC\Tools\MSVC\14.41.34120\include\xstring(527,7):
      参见“std::basic_string<char,std::char_traits<char>,std::allocator<char>>”的声明
  
D:\Protobuf\protoc\include\google\protobuf\repeated_field.h(292,5): warning C4251: “google::protobuf::RepeatedField<bool>::ptr_”:“google::protobuf::RepeatedField<bool>::Pointer”需要有 dll 接口以供“google::protobuf::RepeatedField<bool>”的客户端使用
  (编译源文件“msg.pb.cc”)
      D:\Protobuf\protoc\include\google\protobuf\repeated_field.h(288,9):
      参见“google::protobuf::RepeatedField<bool>::Pointer”的声明
      D:\Protobuf\protoc\include\google\protobuf\repeated_field.h(292,5):
      模板实例化上下文(最早的实例化上下文)为
          D:\Protobuf\protoc\include\google\protobuf\repeated_field.h(2654,58):
          查看对正在编译的 类 模板 实例化“google::protobuf::RepeatedField<bool>”的引用
  
D:\Protobuf\protoc\include\google\protobuf\repeated_field.h(292,5): warning C4251: “google::protobuf::RepeatedField<google::protobuf::int32>::ptr_”:“google::protobuf::RepeatedField<google::protobuf::int32>::Pointer”需要有 dll 接口以供“google::protobuf::RepeatedField<google::protobuf::int32>”的客户端使用
  (编译源文件“msg.pb.cc”)
      D:\Protobuf\protoc\include\google\protobuf\repeated_field.h(288,9):
      参见“google::protobuf::RepeatedField<google::protobuf::int32>::Pointer”的声明
      D:\Protobuf\protoc\include\google\protobuf\repeated_field.h(292,5):
      模板实例化上下文(最早的实例化上下文)为
          D:\Protobuf\protoc\include\google\protobuf\repeated_field.h(2655,59):
          查看对正在编译的 类 模板 实例化“google::protobuf::RepeatedField<google::protobuf::int32>”的引用
  
D:\Protobuf\protoc\include\google\protobuf\repeated_field.h(292,5): warning C4251: “google::protobuf::RepeatedField<google::protobuf::uint32>::ptr_”:“google::protobuf::RepeatedField<google::protobuf::uint32>::Pointer”需要有 dll 接口以供“google::protobuf::RepeatedField<google::protobuf::uint32>”的客户端使用
  (编译源文件“msg.pb.cc”)
      D:\Protobuf\protoc\include\google\protobuf\repeated_field.h(288,9):
      参见“google::protobuf::RepeatedField<google::protobuf::uint32>::Pointer”的声明
      D:\Protobuf\protoc\include\google\protobuf\repeated_field.h(292,5):
      模板实例化上下文(最早的实例化上下文)为
          D:\Protobuf\protoc\include\google\protobuf\repeated_field.h(2656,60):
          查看对正在编译的 类 模板 实例化“google::protobuf::RepeatedField<google::protobuf::uint32>”的引用
  
D:\Protobuf\protoc\include\google\protobuf\repeated_field.h(292,5): warning C4251: “google::protobuf::RepeatedField<google::protobuf::int64>::ptr_”:“google::protobuf::RepeatedField<google::protobuf::int64>::Pointer”需要有 dll 接口以供“google::protobuf::RepeatedField<google::protobuf::int64>”的客户端使用
  (编译源文件“msg.pb.cc”)
      D:\Protobuf\protoc\include\google\protobuf\repeated_field.h(288,9):
      参见“google::protobuf::RepeatedField<google::protobuf::int64>::Pointer”的声明
      D:\Protobuf\protoc\include\google\protobuf\repeated_field.h(292,5):
      模板实例化上下文(最早的实例化上下文)为
          D:\Protobuf\protoc\include\google\protobuf\repeated_field.h(2657,59):
          查看对正在编译的 类 模板 实例化“google::protobuf::RepeatedField<google::protobuf::int64>”的引用
  
D:\Protobuf\protoc\include\google\protobuf\repeated_field.h(292,5): warning C4251: “google::protobuf::RepeatedField<google::protobuf::uint64>::ptr_”:“google::protobuf::RepeatedField<google::protobuf::uint64>::Pointer”需要有 dll 接口以供“google::protobuf::RepeatedField<google::protobuf::uint64>”的客户端使用
  (编译源文件“msg.pb.cc”)
      D:\Protobuf\protoc\include\google\protobuf\repeated_field.h(288,9):
      参见“google::protobuf::RepeatedField<google::protobuf::uint64>::Pointer”的声明
      D:\Protobuf\protoc\include\google\protobuf\repeated_field.h(292,5):
      模板实例化上下文(最早的实例化上下文)为
          D:\Protobuf\protoc\include\google\protobuf\repeated_field.h(2658,60):
          查看对正在编译的 类 模板 实例化“google::protobuf::RepeatedField<google::protobuf::uint64>”的引用
  
D:\Protobuf\protoc\include\google\protobuf\repeated_field.h(292,5): warning C4251: “google::protobuf::RepeatedField<float>::ptr_”:“google::protobuf::RepeatedField<float>::Pointer”需要有 dll 接口以供“google::protobuf::RepeatedField<float>”的客户端使用
  (编译源文件“msg.pb.cc”)
      D:\Protobuf\protoc\include\google\protobuf\repeated_field.h(288,9):
      参见“google::protobuf::RepeatedField<float>::Pointer”的声明
      D:\Protobuf\protoc\include\google\protobuf\repeated_field.h(292,5):
      模板实例化上下文(最早的实例化上下文)为
          D:\Protobuf\protoc\include\google\protobuf\repeated_field.h(2659,59):
          查看对正在编译的 类 模板 实例化“google::protobuf::RepeatedField<float>”的引用
  
D:\Protobuf\protoc\include\google\protobuf\repeated_field.h(292,5): warning C4251: “google::protobuf::RepeatedField<double>::ptr_”:“google::protobuf::RepeatedField<double>::Pointer”需要有 dll 接口以供“google::protobuf::RepeatedField<double>”的客户端使用
  (编译源文件“msg.pb.cc”)
      D:\Protobuf\protoc\include\google\protobuf\repeated_field.h(288,9):
      参见“google::protobuf::RepeatedField<double>::Pointer”的声明
      D:\Protobuf\protoc\include\google\protobuf\repeated_field.h(292,5):
      模板实例化上下文(最早的实例化上下文)为
          D:\Protobuf\protoc\include\google\protobuf\repeated_field.h(2660,60):
          查看对正在编译的 类 模板 实例化“google::protobuf::RepeatedField<double>”的引用
  
D:\Protobuf\protoc\include\google\protobuf\generated_message_util.h(175,20): warning C4251: “google::protobuf::internal::CachedSize::size_”:“std::atomic<int>”需要有 dll 接口以供“google::protobuf::internal::CachedSize”的客户端使用
  (编译源文件“msg.pb.cc”)
      D:\Program Files\Microsoft Visual Studio Enterprise 2022\VC\Tools\MSVC\14.41.34120\include\atomic(2154,8):
      参见“std::atomic<int>”的声明
  
D:\Protobuf\protoc\include\google\protobuf\metadata_lite.h(226,15): warning C4251: “google::protobuf::internal::LiteUnknownFieldSetter::buffer_”:“std::basic_string<char,std::char_traits<char>,std::allocator<char>>”需要有 dll 接口以供“google::protobuf::internal::LiteUnknownFieldSetter”的客户端使用
  (编译源文件“msg.pb.cc”)
      D:\Program Files\Microsoft Visual Studio Enterprise 2022\VC\Tools\MSVC\14.41.34120\include\xstring(527,7):
      参见“std::basic_string<char,std::char_traits<char>,std::allocator<char>>”的声明
  
D:\Protobuf\protoc\include\google\protobuf\parse_context.h(127,18): warning C4244: “+=”: 从“__int64”转换到“int”，可能丢失数据
  (编译源文件“msg.pb.cc”)
  
D:\Protobuf\protoc\include\google\protobuf\inlined_string_field.h(158,15): warning C4251: “google::protobuf::internal::InlinedStringField::value_”:“std::basic_string<char,std::char_traits<char>,std::allocator<char>>”需要有 dll 接口以供“google::protobuf::internal::InlinedStringField”的客户端使用
  (编译源文件“msg.pb.cc”)
      D:\Program Files\Microsoft Visual Studio Enterprise 2022\VC\Tools\MSVC\14.41.34120\include\xstring(527,7):
      参见“std::basic_string<char,std::char_traits<char>,std::allocator<char>>”的声明
  
D:\Protobuf\protoc\include\google\protobuf\unknown_field_set.h(182,29): warning C4251: “google::protobuf::UnknownFieldSet::fields_”:“std::vector<google::protobuf::UnknownField,std::allocator<google::protobuf::UnknownField>>”需要有 dll 接口以供“google::protobuf::UnknownFieldSet”的客户端使用
  (编译源文件“msg.pb.cc”)
      D:\Program Files\Microsoft Visual Studio Enterprise 2022\VC\Tools\MSVC\14.41.34120\include\vector(429,7):
      参见“std::vector<google::protobuf::UnknownField,std::allocator<google::protobuf::UnknownField>>”的声明
  
D:\Protobuf\protoc\include\google\protobuf\stubs\mutex.h(107,14): warning C4251: “google::protobuf::internal::WrappedMutex::mu_”:“std::mutex”需要有 dll 接口以供“google::protobuf::internal::WrappedMutex”的客户端使用
  (编译源文件“msg.pb.cc”)
      D:\Program Files\Microsoft Visual Studio Enterprise 2022\VC\Tools\MSVC\14.41.34120\include\mutex(98,19):
      参见“std::mutex”的声明
  
D:\Protobuf\protoc\include\google\protobuf\descriptor.h(1839,27): warning C4251: “google::protobuf::DescriptorPool::tables_”:“std::unique_ptr<google::protobuf::DescriptorPool::Tables,std::default_delete<google::protobuf::DescriptorPool::Tables>>”需要有 dll 接口以供“google::protobuf::DescriptorPool”的客户端使用
  (编译源文件“msg.pb.cc”)
      D:\Program Files\Microsoft Visual Studio Enterprise 2022\VC\Tools\MSVC\14.41.34120\include\memory(3335,7):
      参见“std::unique_ptr<google::protobuf::DescriptorPool::Tables,std::default_delete<google::protobuf::DescriptorPool::Tables>>”的声明
  
D:\Protobuf\protoc\include\google\protobuf\descriptor.h(1846,25): warning C4251: “google::protobuf::DescriptorPool::unused_import_track_files_”:“std::set<std::string,std::less<std::string>,std::allocator<std::string>>”需要有 dll 接口以供“google::protobuf::DescriptorPool”的客户端使用
  (编译源文件“msg.pb.cc”)
      D:\Program Files\Microsoft Visual Studio Enterprise 2022\VC\Tools\MSVC\14.41.34120\include\set(51,7):
      参见“std::set<std::string,std::less<std::string>,std::allocator<std::string>>”的声明
  
  RequestCodec.cpp
D:\Protobuf\protoc\include\google\protobuf\io\coded_stream.h(881,28): warning C4251: “google::protobuf::io::CodedOutputStream::default_serialization_deterministic_”:“std::atomic<bool>”需要有 dll 接口以供“google::protobuf::io::CodedOutputStream”的客户端使用
  (编译源文件“RequestCodec.cpp”)
      D:\Program Files\Microsoft Visual Studio Enterprise 2022\VC\Tools\MSVC\14.41.34120\include\atomic(2154,8):
      参见“std::atomic<bool>”的声明
  
D:\Protobuf\protoc\include\google\protobuf\stubs\logging.h(102,15): warning C4251: “google::protobuf::internal::LogMessage::message_”:“std::basic_string<char,std::char_traits<char>,std::allocator<char>>”需要有 dll 接口以供“google::protobuf::internal::LogMessage”的客户端使用
  (编译源文件“RequestCodec.cpp”)
      D:\Program Files\Microsoft Visual Studio Enterprise 2022\VC\Tools\MSVC\14.41.34120\include\xstring(527,7):
      参见“std::basic_string<char,std::char_traits<char>,std::allocator<char>>”的声明
  
D:\Protobuf\protoc\include\google\protobuf\arena_impl.h(251,35): warning C4251: “google::protobuf::internal::ArenaImpl::lifecycle_id_generator_”:“std::atomic<__int64>”需要有 dll 接口以供“google::protobuf::internal::ArenaImpl”的客户端使用
  (编译源文件“RequestCodec.cpp”)
      D:\Program Files\Microsoft Visual Studio Enterprise 2022\VC\Tools\MSVC\14.41.34120\include\atomic(2154,8):
      参见“std::atomic<__int64>”的声明
  
D:\Protobuf\protoc\include\google\protobuf\arena_impl.h(285,7): warning C4251: “google::protobuf::internal::ArenaImpl::threads_”:“std::atomic<google::protobuf::internal::ArenaImpl::SerialArena *>”需要有 dll 接口以供“google::protobuf::internal::ArenaImpl”的客户端使用
  (编译源文件“RequestCodec.cpp”)
      D:\Program Files\Microsoft Visual Studio Enterprise 2022\VC\Tools\MSVC\14.41.34120\include\atomic(2154,8):
      参见“std::atomic<google::protobuf::internal::ArenaImpl::SerialArena *>”的声明
  
D:\Protobuf\protoc\include\google\protobuf\arena_impl.h(286,29): warning C4251: “google::protobuf::internal::ArenaImpl::hint_”:“std::atomic<google::protobuf::internal::ArenaImpl::SerialArena *>”需要有 dll 接口以供“google::protobuf::internal::ArenaImpl”的客户端使用
  (编译源文件“RequestCodec.cpp”)
      D:\Program Files\Microsoft Visual Studio Enterprise 2022\VC\Tools\MSVC\14.41.34120\include\atomic(2154,8):
      参见“std::atomic<google::protobuf::internal::ArenaImpl::SerialArena *>”的声明
  
D:\Protobuf\protoc\include\google\protobuf\arena_impl.h(287,23): warning C4251: “google::protobuf::internal::ArenaImpl::space_allocated_”:“std::atomic<unsigned __int64>”需要有 dll 接口以供“google::protobuf::internal::ArenaImpl”的客户端使用
  (编译源文件“RequestCodec.cpp”)
      D:\Program Files\Microsoft Visual Studio Enterprise 2022\VC\Tools\MSVC\14.41.34120\include\atomic(2154,8):
      参见“std::atomic<unsigned __int64>”的声明
  
D:\Protobuf\protoc\include\google\protobuf\arena_impl.h(299,11): warning C4251: “google::protobuf::internal::ArenaImpl::options_”:“google::protobuf::internal::ArenaImpl::Options”需要有 dll 接口以供“google::protobuf::internal::ArenaImpl”的客户端使用
  (编译源文件“RequestCodec.cpp”)
      D:\Protobuf\protoc\include\google\protobuf\arena_impl.h(68,10):
      参见“google::protobuf::internal::ArenaImpl::Options”的声明
  
D:\Protobuf\protoc\include\google\protobuf\implicit_weak_message.h(97,15): warning C4251: “google::protobuf::internal::ImplicitWeakMessage::data_”:“std::basic_string<char,std::char_traits<char>,std::allocator<char>>”需要有 dll 接口以供“google::protobuf::internal::ImplicitWeakMessage”的客户端使用
  (编译源文件“RequestCodec.cpp”)
      D:\Program Files\Microsoft Visual Studio Enterprise 2022\VC\Tools\MSVC\14.41.34120\include\xstring(527,7):
      参见“std::basic_string<char,std::char_traits<char>,std::allocator<char>>”的声明
  
D:\Protobuf\protoc\include\google\protobuf\repeated_field.h(292,5): warning C4251: “google::protobuf::RepeatedField<bool>::ptr_”:“google::protobuf::RepeatedField<bool>::Pointer”需要有 dll 接口以供“google::protobuf::RepeatedField<bool>”的客户端使用
  (编译源文件“RequestCodec.cpp”)
      D:\Protobuf\protoc\include\google\protobuf\repeated_field.h(288,9):
      参见“google::protobuf::RepeatedField<bool>::Pointer”的声明
      D:\Protobuf\protoc\include\google\protobuf\repeated_field.h(292,5):
      模板实例化上下文(最早的实例化上下文)为
          D:\Protobuf\protoc\include\google\protobuf\repeated_field.h(2654,58):
          查看对正在编译的 类 模板 实例化“google::protobuf::RepeatedField<bool>”的引用
  
D:\Protobuf\protoc\include\google\protobuf\repeated_field.h(292,5): warning C4251: “google::protobuf::RepeatedField<google::protobuf::int32>::ptr_”:“google::protobuf::RepeatedField<google::protobuf::int32>::Pointer”需要有 dll 接口以供“google::protobuf::RepeatedField<google::protobuf::int32>”的客户端使用
  (编译源文件“RequestCodec.cpp”)
      D:\Protobuf\protoc\include\google\protobuf\repeated_field.h(288,9):
      参见“google::protobuf::RepeatedField<google::protobuf::int32>::Pointer”的声明
      D:\Protobuf\protoc\include\google\protobuf\repeated_field.h(292,5):
      模板实例化上下文(最早的实例化上下文)为
          D:\Protobuf\protoc\include\google\protobuf\repeated_field.h(2655,59):
          查看对正在编译的 类 模板 实例化“google::protobuf::RepeatedField<google::protobuf::int32>”的引用
  
D:\Protobuf\protoc\include\google\protobuf\repeated_field.h(292,5): warning C4251: “google::protobuf::RepeatedField<google::protobuf::uint32>::ptr_”:“google::protobuf::RepeatedField<google::protobuf::uint32>::Pointer”需要有 dll 接口以供“google::protobuf::RepeatedField<google::protobuf::uint32>”的客户端使用
  (编译源文件“RequestCodec.cpp”)
      D:\Protobuf\protoc\include\google\protobuf\repeated_field.h(288,9):
      参见“google::protobuf::RepeatedField<google::protobuf::uint32>::Pointer”的声明
      D:\Protobuf\protoc\include\google\protobuf\repeated_field.h(292,5):
      模板实例化上下文(最早的实例化上下文)为
          D:\Protobuf\protoc\include\google\protobuf\repeated_field.h(2656,60):
          查看对正在编译的 类 模板 实例化“google::protobuf::RepeatedField<google::protobuf::uint32>”的引用
  
D:\Protobuf\protoc\include\google\protobuf\repeated_field.h(292,5): warning C4251: “google::protobuf::RepeatedField<google::protobuf::int64>::ptr_”:“google::protobuf::RepeatedField<google::protobuf::int64>::Pointer”需要有 dll 接口以供“google::protobuf::RepeatedField<google::protobuf::int64>”的客户端使用
  (编译源文件“RequestCodec.cpp”)
      D:\Protobuf\protoc\include\google\protobuf\repeated_field.h(288,9):
      参见“google::protobuf::RepeatedField<google::protobuf::int64>::Pointer”的声明
      D:\Protobuf\protoc\include\google\protobuf\repeated_field.h(292,5):
      模板实例化上下文(最早的实例化上下文)为
          D:\Protobuf\protoc\include\google\protobuf\repeated_field.h(2657,59):
          查看对正在编译的 类 模板 实例化“google::protobuf::RepeatedField<google::protobuf::int64>”的引用
  
D:\Protobuf\protoc\include\google\protobuf\repeated_field.h(292,5): warning C4251: “google::protobuf::RepeatedField<google::protobuf::uint64>::ptr_”:“google::protobuf::RepeatedField<google::protobuf::uint64>::Pointer”需要有 dll 接口以供“google::protobuf::RepeatedField<google::protobuf::uint64>”的客户端使用
  (编译源文件“RequestCodec.cpp”)
      D:\Protobuf\protoc\include\google\protobuf\repeated_field.h(288,9):
      参见“google::protobuf::RepeatedField<google::protobuf::uint64>::Pointer”的声明
      D:\Protobuf\protoc\include\google\protobuf\repeated_field.h(292,5):
      模板实例化上下文(最早的实例化上下文)为
          D:\Protobuf\protoc\include\google\protobuf\repeated_field.h(2658,60):
          查看对正在编译的 类 模板 实例化“google::protobuf::RepeatedField<google::protobuf::uint64>”的引用
  
D:\Protobuf\protoc\include\google\protobuf\repeated_field.h(292,5): warning C4251: “google::protobuf::RepeatedField<float>::ptr_”:“google::protobuf::RepeatedField<float>::Pointer”需要有 dll 接口以供“google::protobuf::RepeatedField<float>”的客户端使用
  (编译源文件“RequestCodec.cpp”)
      D:\Protobuf\protoc\include\google\protobuf\repeated_field.h(288,9):
      参见“google::protobuf::RepeatedField<float>::Pointer”的声明
      D:\Protobuf\protoc\include\google\protobuf\repeated_field.h(292,5):
      模板实例化上下文(最早的实例化上下文)为
          D:\Protobuf\protoc\include\google\protobuf\repeated_field.h(2659,59):
          查看对正在编译的 类 模板 实例化“google::protobuf::RepeatedField<float>”的引用
  
D:\Protobuf\protoc\include\google\protobuf\repeated_field.h(292,5): warning C4251: “google::protobuf::RepeatedField<double>::ptr_”:“google::protobuf::RepeatedField<double>::Pointer”需要有 dll 接口以供“google::protobuf::RepeatedField<double>”的客户端使用
  (编译源文件“RequestCodec.cpp”)
      D:\Protobuf\protoc\include\google\protobuf\repeated_field.h(288,9):
      参见“google::protobuf::RepeatedField<double>::Pointer”的声明
      D:\Protobuf\protoc\include\google\protobuf\repeated_field.h(292,5):
      模板实例化上下文(最早的实例化上下文)为
          D:\Protobuf\protoc\include\google\protobuf\repeated_field.h(2660,60):
          查看对正在编译的 类 模板 实例化“google::protobuf::RepeatedField<double>”的引用
  
D:\Protobuf\protoc\include\google\protobuf\generated_message_util.h(175,20): warning C4251: “google::protobuf::internal::CachedSize::size_”:“std::atomic<int>”需要有 dll 接口以供“google::protobuf::internal::CachedSize”的客户端使用
  (编译源文件“RequestCodec.cpp”)
      D:\Program Files\Microsoft Visual Studio Enterprise 2022\VC\Tools\MSVC\14.41.34120\include\atomic(2154,8):
      参见“std::atomic<int>”的声明
  
D:\Protobuf\protoc\include\google\protobuf\metadata_lite.h(226,15): warning C4251: “google::protobuf::internal::LiteUnknownFieldSetter::buffer_”:“std::basic_string<char,std::char_traits<char>,std::allocator<char>>”需要有 dll 接口以供“google::protobuf::internal::LiteUnknownFieldSetter”的客户端使用
  (编译源文件“RequestCodec.cpp”)
      D:\Program Files\Microsoft Visual Studio Enterprise 2022\VC\Tools\MSVC\14.41.34120\include\xstring(527,7):
      参见“std::basic_string<char,std::char_traits<char>,std::allocator<char>>”的声明
  
D:\Protobuf\protoc\include\google\protobuf\parse_context.h(127,18): warning C4244: “+=”: 从“__int64”转换到“int”，可能丢失数据
  (编译源文件“RequestCodec.cpp”)
  
D:\Protobuf\protoc\include\google\protobuf\inlined_string_field.h(158,15): warning C4251: “google::protobuf::internal::InlinedStringField::value_”:“std::basic_string<char,std::char_traits<char>,std::allocator<char>>”需要有 dll 接口以供“google::protobuf::internal::InlinedStringField”的客户端使用
  (编译源文件“RequestCodec.cpp”)
      D:\Program Files\Microsoft Visual Studio Enterprise 2022\VC\Tools\MSVC\14.41.34120\include\xstring(527,7):
      参见“std::basic_string<char,std::char_traits<char>,std::allocator<char>>”的声明
  
D:\Protobuf\protoc\include\google\protobuf\unknown_field_set.h(182,29): warning C4251: “google::protobuf::UnknownFieldSet::fields_”:“std::vector<google::protobuf::UnknownField,std::allocator<google::protobuf::UnknownField>>”需要有 dll 接口以供“google::protobuf::UnknownFieldSet”的客户端使用
  (编译源文件“RequestCodec.cpp”)
      D:\Program Files\Microsoft Visual Studio Enterprise 2022\VC\Tools\MSVC\14.41.34120\include\vector(429,7):
      参见“std::vector<google::protobuf::UnknownField,std::allocator<google::protobuf::UnknownField>>”的声明
  
D:\Protobuf\protoc\include\google\protobuf\stubs\mutex.h(107,14): warning C4251: “google::protobuf::internal::WrappedMutex::mu_”:“std::mutex”需要有 dll 接口以供“google::protobuf::internal::WrappedMutex”的客户端使用
  (编译源文件“RequestCodec.cpp”)
      D:\Program Files\Microsoft Visual Studio Enterprise 2022\VC\Tools\MSVC\14.41.34120\include\mutex(98,19):
      参见“std::mutex”的声明
  
D:\Protobuf\protoc\include\google\protobuf\descriptor.h(1839,27): warning C4251: “google::protobuf::DescriptorPool::tables_”:“std::unique_ptr<google::protobuf::DescriptorPool::Tables,std::default_delete<google::protobuf::DescriptorPool::Tables>>”需要有 dll 接口以供“google::protobuf::DescriptorPool”的客户端使用
  (编译源文件“RequestCodec.cpp”)
      D:\Program Files\Microsoft Visual Studio Enterprise 2022\VC\Tools\MSVC\14.41.34120\include\memory(3335,7):
      参见“std::unique_ptr<google::protobuf::DescriptorPool::Tables,std::default_delete<google::protobuf::DescriptorPool::Tables>>”的声明
  
D:\Protobuf\protoc\include\google\protobuf\descriptor.h(1846,25): warning C4251: “google::protobuf::DescriptorPool::unused_import_track_files_”:“std::set<std::string,std::less<std::string>,std::allocator<std::string>>”需要有 dll 接口以供“google::protobuf::DescriptorPool”的客户端使用
  (编译源文件“RequestCodec.cpp”)
      D:\Program Files\Microsoft Visual Studio Enterprise 2022\VC\Tools\MSVC\14.41.34120\include\set(51,7):
      参见“std::set<std::string,std::less<std::string>,std::allocator<std::string>>”的声明
  
  RequestFactory.cpp
D:\Protobuf\protoc\include\google\protobuf\io\coded_stream.h(881,28): warning C4251: “google::protobuf::io::CodedOutputStream::default_serialization_deterministic_”:“std::atomic<bool>”需要有 dll 接口以供“google::protobuf::io::CodedOutputStream”的客户端使用
  (编译源文件“RequestFactory.cpp”)
      D:\Program Files\Microsoft Visual Studio Enterprise 2022\VC\Tools\MSVC\14.41.34120\include\atomic(2154,8):
      参见“std::atomic<bool>”的声明
  
D:\Protobuf\protoc\include\google\protobuf\stubs\logging.h(102,15): warning C4251: “google::protobuf::internal::LogMessage::message_”:“std::basic_string<char,std::char_traits<char>,std::allocator<char>>”需要有 dll 接口以供“google::protobuf::internal::LogMessage”的客户端使用
  (编译源文件“RequestFactory.cpp”)
      D:\Program Files\Microsoft Visual Studio Enterprise 2022\VC\Tools\MSVC\14.41.34120\include\xstring(527,7):
      参见“std::basic_string<char,std::char_traits<char>,std::allocator<char>>”的声明
  
D:\Protobuf\protoc\include\google\protobuf\arena_impl.h(251,35): warning C4251: “google::protobuf::internal::ArenaImpl::lifecycle_id_generator_”:“std::atomic<__int64>”需要有 dll 接口以供“google::protobuf::internal::ArenaImpl”的客户端使用
  (编译源文件“RequestFactory.cpp”)
      D:\Program Files\Microsoft Visual Studio Enterprise 2022\VC\Tools\MSVC\14.41.34120\include\atomic(2154,8):
      参见“std::atomic<__int64>”的声明
  
D:\Protobuf\protoc\include\google\protobuf\arena_impl.h(285,7): warning C4251: “google::protobuf::internal::ArenaImpl::threads_”:“std::atomic<google::protobuf::internal::ArenaImpl::SerialArena *>”需要有 dll 接口以供“google::protobuf::internal::ArenaImpl”的客户端使用
  (编译源文件“RequestFactory.cpp”)
      D:\Program Files\Microsoft Visual Studio Enterprise 2022\VC\Tools\MSVC\14.41.34120\include\atomic(2154,8):
      参见“std::atomic<google::protobuf::internal::ArenaImpl::SerialArena *>”的声明
  
D:\Protobuf\protoc\include\google\protobuf\arena_impl.h(286,29): warning C4251: “google::protobuf::internal::ArenaImpl::hint_”:“std::atomic<google::protobuf::internal::ArenaImpl::SerialArena *>”需要有 dll 接口以供“google::protobuf::internal::ArenaImpl”的客户端使用
  (编译源文件“RequestFactory.cpp”)
      D:\Program Files\Microsoft Visual Studio Enterprise 2022\VC\Tools\MSVC\14.41.34120\include\atomic(2154,8):
      参见“std::atomic<google::protobuf::internal::ArenaImpl::SerialArena *>”的声明
  
D:\Protobuf\protoc\include\google\protobuf\arena_impl.h(287,23): warning C4251: “google::protobuf::internal::ArenaImpl::space_allocated_”:“std::atomic<unsigned __int64>”需要有 dll 接口以供“google::protobuf::internal::ArenaImpl”的客户端使用
  (编译源文件“RequestFactory.cpp”)
      D:\Program Files\Microsoft Visual Studio Enterprise 2022\VC\Tools\MSVC\14.41.34120\include\atomic(2154,8):
      参见“std::atomic<unsigned __int64>”的声明
  
D:\Protobuf\protoc\include\google\protobuf\arena_impl.h(299,11): warning C4251: “google::protobuf::internal::ArenaImpl::options_”:“google::protobuf::internal::ArenaImpl::Options”需要有 dll 接口以供“google::protobuf::internal::ArenaImpl”的客户端使用
  (编译源文件“RequestFactory.cpp”)
      D:\Protobuf\protoc\include\google\protobuf\arena_impl.h(68,10):
      参见“google::protobuf::internal::ArenaImpl::Options”的声明
  
D:\Protobuf\protoc\include\google\protobuf\implicit_weak_message.h(97,15): warning C4251: “google::protobuf::internal::ImplicitWeakMessage::data_”:“std::basic_string<char,std::char_traits<char>,std::allocator<char>>”需要有 dll 接口以供“google::protobuf::internal::ImplicitWeakMessage”的客户端使用
  (编译源文件“RequestFactory.cpp”)
      D:\Program Files\Microsoft Visual Studio Enterprise 2022\VC\Tools\MSVC\14.41.34120\include\xstring(527,7):
      参见“std::basic_string<char,std::char_traits<char>,std::allocator<char>>”的声明
  
D:\Protobuf\protoc\include\google\protobuf\repeated_field.h(292,5): warning C4251: “google::protobuf::RepeatedField<bool>::ptr_”:“google::protobuf::RepeatedField<bool>::Pointer”需要有 dll 接口以供“google::protobuf::RepeatedField<bool>”的客户端使用
  (编译源文件“RequestFactory.cpp”)
      D:\Protobuf\protoc\include\google\protobuf\repeated_field.h(288,9):
      参见“google::protobuf::RepeatedField<bool>::Pointer”的声明
      D:\Protobuf\protoc\include\google\protobuf\repeated_field.h(292,5):
      模板实例化上下文(最早的实例化上下文)为
          D:\Protobuf\protoc\include\google\protobuf\repeated_field.h(2654,58):
          查看对正在编译的 类 模板 实例化“google::protobuf::RepeatedField<bool>”的引用
  
D:\Protobuf\protoc\include\google\protobuf\repeated_field.h(292,5): warning C4251: “google::protobuf::RepeatedField<google::protobuf::int32>::ptr_”:“google::protobuf::RepeatedField<google::protobuf::int32>::Pointer”需要有 dll 接口以供“google::protobuf::RepeatedField<google::protobuf::int32>”的客户端使用
  (编译源文件“RequestFactory.cpp”)
      D:\Protobuf\protoc\include\google\protobuf\repeated_field.h(288,9):
      参见“google::protobuf::RepeatedField<google::protobuf::int32>::Pointer”的声明
      D:\Protobuf\protoc\include\google\protobuf\repeated_field.h(292,5):
      模板实例化上下文(最早的实例化上下文)为
          D:\Protobuf\protoc\include\google\protobuf\repeated_field.h(2655,59):
          查看对正在编译的 类 模板 实例化“google::protobuf::RepeatedField<google::protobuf::int32>”的引用
  
D:\Protobuf\protoc\include\google\protobuf\repeated_field.h(292,5): warning C4251: “google::protobuf::RepeatedField<google::protobuf::uint32>::ptr_”:“google::protobuf::RepeatedField<google::protobuf::uint32>::Pointer”需要有 dll 接口以供“google::protobuf::RepeatedField<google::protobuf::uint32>”的客户端使用
  (编译源文件“RequestFactory.cpp”)
      D:\Protobuf\protoc\include\google\protobuf\repeated_field.h(288,9):
      参见“google::protobuf::RepeatedField<google::protobuf::uint32>::Pointer”的声明
      D:\Protobuf\protoc\include\google\protobuf\repeated_field.h(292,5):
      模板实例化上下文(最早的实例化上下文)为
          D:\Protobuf\protoc\include\google\protobuf\repeated_field.h(2656,60):
          查看对正在编译的 类 模板 实例化“google::protobuf::RepeatedField<google::protobuf::uint32>”的引用
  
D:\Protobuf\protoc\include\google\protobuf\repeated_field.h(292,5): warning C4251: “google::protobuf::RepeatedField<google::protobuf::int64>::ptr_”:“google::protobuf::RepeatedField<google::protobuf::int64>::Pointer”需要有 dll 接口以供“google::protobuf::RepeatedField<google::protobuf::int64>”的客户端使用
  (编译源文件“RequestFactory.cpp”)
      D:\Protobuf\protoc\include\google\protobuf\repeated_field.h(288,9):
      参见“google::protobuf::RepeatedField<google::protobuf::int64>::Pointer”的声明
      D:\Protobuf\protoc\include\google\protobuf\repeated_field.h(292,5):
      模板实例化上下文(最早的实例化上下文)为
          D:\Protobuf\protoc\include\google\protobuf\repeated_field.h(2657,59):
          查看对正在编译的 类 模板 实例化“google::protobuf::RepeatedField<google::protobuf::int64>”的引用
  
D:\Protobuf\protoc\include\google\protobuf\repeated_field.h(292,5): warning C4251: “google::protobuf::RepeatedField<google::protobuf::uint64>::ptr_”:“google::protobuf::RepeatedField<google::protobuf::uint64>::Pointer”需要有 dll 接口以供“google::protobuf::RepeatedField<google::protobuf::uint64>”的客户端使用
  (编译源文件“RequestFactory.cpp”)
      D:\Protobuf\protoc\include\google\protobuf\repeated_field.h(288,9):
      参见“google::protobuf::RepeatedField<google::protobuf::uint64>::Pointer”的声明
      D:\Protobuf\protoc\include\google\protobuf\repeated_field.h(292,5):
      模板实例化上下文(最早的实例化上下文)为
          D:\Protobuf\protoc\include\google\protobuf\repeated_field.h(2658,60):
          查看对正在编译的 类 模板 实例化“google::protobuf::RepeatedField<google::protobuf::uint64>”的引用
  
D:\Protobuf\protoc\include\google\protobuf\repeated_field.h(292,5): warning C4251: “google::protobuf::RepeatedField<float>::ptr_”:“google::protobuf::RepeatedField<float>::Pointer”需要有 dll 接口以供“google::protobuf::RepeatedField<float>”的客户端使用
  (编译源文件“RequestFactory.cpp”)
      D:\Protobuf\protoc\include\google\protobuf\repeated_field.h(288,9):
      参见“google::protobuf::RepeatedField<float>::Pointer”的声明
      D:\Protobuf\protoc\include\google\protobuf\repeated_field.h(292,5):
      模板实例化上下文(最早的实例化上下文)为
          D:\Protobuf\protoc\include\google\protobuf\repeated_field.h(2659,59):
          查看对正在编译的 类 模板 实例化“google::protobuf::RepeatedField<float>”的引用
  
D:\Protobuf\protoc\include\google\protobuf\repeated_field.h(292,5): warning C4251: “google::protobuf::RepeatedField<double>::ptr_”:“google::protobuf::RepeatedField<double>::Pointer”需要有 dll 接口以供“google::protobuf::RepeatedField<double>”的客户端使用
  (编译源文件“RequestFactory.cpp”)
      D:\Protobuf\protoc\include\google\protobuf\repeated_field.h(288,9):
      参见“google::protobuf::RepeatedField<double>::Pointer”的声明
      D:\Protobuf\protoc\include\google\protobuf\repeated_field.h(292,5):
      模板实例化上下文(最早的实例化上下文)为
          D:\Protobuf\protoc\include\google\protobuf\repeated_field.h(2660,60):
          查看对正在编译的 类 模板 实例化“google::protobuf::RepeatedField<double>”的引用
  
D:\Protobuf\protoc\include\google\protobuf\generated_message_util.h(175,20): warning C4251: “google::protobuf::internal::CachedSize::size_”:“std::atomic<int>”需要有 dll 接口以供“google::protobuf::internal::CachedSize”的客户端使用
  (编译源文件“RequestFactory.cpp”)
      D:\Program Files\Microsoft Visual Studio Enterprise 2022\VC\Tools\MSVC\14.41.34120\include\atomic(2154,8):
      参见“std::atomic<int>”的声明
  
D:\Protobuf\protoc\include\google\protobuf\metadata_lite.h(226,15): warning C4251: “google::protobuf::internal::LiteUnknownFieldSetter::buffer_”:“std::basic_string<char,std::char_traits<char>,std::allocator<char>>”需要有 dll 接口以供“google::protobuf::internal::LiteUnknownFieldSetter”的客户端使用
  (编译源文件“RequestFactory.cpp”)
      D:\Program Files\Microsoft Visual Studio Enterprise 2022\VC\Tools\MSVC\14.41.34120\include\xstring(527,7):
      参见“std::basic_string<char,std::char_traits<char>,std::allocator<char>>”的声明
  
D:\Protobuf\protoc\include\google\protobuf\parse_context.h(127,18): warning C4244: “+=”: 从“__int64”转换到“int”，可能丢失数据
  (编译源文件“RequestFactory.cpp”)
  
D:\Protobuf\protoc\include\google\protobuf\inlined_string_field.h(158,15): warning C4251: “google::protobuf::internal::InlinedStringField::value_”:“std::basic_string<char,std::char_traits<char>,std::allocator<char>>”需要有 dll 接口以供“google::protobuf::internal::InlinedStringField”的客户端使用
  (编译源文件“RequestFactory.cpp”)
      D:\Program Files\Microsoft Visual Studio Enterprise 2022\VC\Tools\MSVC\14.41.34120\include\xstring(527,7):
      参见“std::basic_string<char,std::char_traits<char>,std::allocator<char>>”的声明
  
D:\Protobuf\protoc\include\google\protobuf\unknown_field_set.h(182,29): warning C4251: “google::protobuf::UnknownFieldSet::fields_”:“std::vector<google::protobuf::UnknownField,std::allocator<google::protobuf::UnknownField>>”需要有 dll 接口以供“google::protobuf::UnknownFieldSet”的客户端使用
  (编译源文件“RequestFactory.cpp”)
      D:\Program Files\Microsoft Visual Studio Enterprise 2022\VC\Tools\MSVC\14.41.34120\include\vector(429,7):
      参见“std::vector<google::protobuf::UnknownField,std::allocator<google::protobuf::UnknownField>>”的声明
  
D:\Protobuf\protoc\include\google\protobuf\stubs\mutex.h(107,14): warning C4251: “google::protobuf::internal::WrappedMutex::mu_”:“std::mutex”需要有 dll 接口以供“google::protobuf::internal::WrappedMutex”的客户端使用
  (编译源文件“RequestFactory.cpp”)
      D:\Program Files\Microsoft Visual Studio Enterprise 2022\VC\Tools\MSVC\14.41.34120\include\mutex(98,19):
      参见“std::mutex”的声明
  
D:\Protobuf\protoc\include\google\protobuf\descriptor.h(1839,27): warning C4251: “google::protobuf::DescriptorPool::tables_”:“std::unique_ptr<google::protobuf::DescriptorPool::Tables,std::default_delete<google::protobuf::DescriptorPool::Tables>>”需要有 dll 接口以供“google::protobuf::DescriptorPool”的客户端使用
  (编译源文件“RequestFactory.cpp”)
      D:\Program Files\Microsoft Visual Studio Enterprise 2022\VC\Tools\MSVC\14.41.34120\include\memory(3335,7):
      参见“std::unique_ptr<google::protobuf::DescriptorPool::Tables,std::default_delete<google::protobuf::DescriptorPool::Tables>>”的声明
  
D:\Protobuf\protoc\include\google\protobuf\descriptor.h(1846,25): warning C4251: “google::protobuf::DescriptorPool::unused_import_track_files_”:“std::set<std::string,std::less<std::string>,std::allocator<std::string>>”需要有 dll 接口以供“google::protobuf::DescriptorPool”的客户端使用
  (编译源文件“RequestFactory.cpp”)
      D:\Program Files\Microsoft Visual Studio Enterprise 2022\VC\Tools\MSVC\14.41.34120\include\set(51,7):
      参见“std::set<std::string,std::less<std::string>,std::allocator<std::string>>”的声明
  
  RespondCodec.cpp
D:\Protobuf\protoc\include\google\protobuf\io\coded_stream.h(881,28): warning C4251: “google::protobuf::io::CodedOutputStream::default_serialization_deterministic_”:“std::atomic<bool>”需要有 dll 接口以供“google::protobuf::io::CodedOutputStream”的客户端使用
  (编译源文件“RespondCodec.cpp”)
      D:\Program Files\Microsoft Visual Studio Enterprise 2022\VC\Tools\MSVC\14.41.34120\include\atomic(2154,8):
      参见“std::atomic<bool>”的声明
  
D:\Protobuf\protoc\include\google\protobuf\stubs\logging.h(102,15): warning C4251: “google::protobuf::internal::LogMessage::message_”:“std::basic_string<char,std::char_traits<char>,std::allocator<char>>”需要有 dll 接口以供“google::protobuf::internal::LogMessage”的客户端使用
  (编译源文件“RespondCodec.cpp”)
      D:\Program Files\Microsoft Visual Studio Enterprise 2022\VC\Tools\MSVC\14.41.34120\include\xstring(527,7):
      参见“std::basic_string<char,std::char_traits<char>,std::allocator<char>>”的声明
  
D:\Protobuf\protoc\include\google\protobuf\arena_impl.h(251,35): warning C4251: “google::protobuf::internal::ArenaImpl::lifecycle_id_generator_”:“std::atomic<__int64>”需要有 dll 接口以供“google::protobuf::internal::ArenaImpl”的客户端使用
  (编译源文件“RespondCodec.cpp”)
      D:\Program Files\Microsoft Visual Studio Enterprise 2022\VC\Tools\MSVC\14.41.34120\include\atomic(2154,8):
      参见“std::atomic<__int64>”的声明
  
D:\Protobuf\protoc\include\google\protobuf\arena_impl.h(285,7): warning C4251: “google::protobuf::internal::ArenaImpl::threads_”:“std::atomic<google::protobuf::internal::ArenaImpl::SerialArena *>”需要有 dll 接口以供“google::protobuf::internal::ArenaImpl”的客户端使用
  (编译源文件“RespondCodec.cpp”)
      D:\Program Files\Microsoft Visual Studio Enterprise 2022\VC\Tools\MSVC\14.41.34120\include\atomic(2154,8):
      参见“std::atomic<google::protobuf::internal::ArenaImpl::SerialArena *>”的声明
  
D:\Protobuf\protoc\include\google\protobuf\arena_impl.h(286,29): warning C4251: “google::protobuf::internal::ArenaImpl::hint_”:“std::atomic<google::protobuf::internal::ArenaImpl::SerialArena *>”需要有 dll 接口以供“google::protobuf::internal::ArenaImpl”的客户端使用
  (编译源文件“RespondCodec.cpp”)
      D:\Program Files\Microsoft Visual Studio Enterprise 2022\VC\Tools\MSVC\14.41.34120\include\atomic(2154,8):
      参见“std::atomic<google::protobuf::internal::ArenaImpl::SerialArena *>”的声明
  
D:\Protobuf\protoc\include\google\protobuf\arena_impl.h(287,23): warning C4251: “google::protobuf::internal::ArenaImpl::space_allocated_”:“std::atomic<unsigned __int64>”需要有 dll 接口以供“google::protobuf::internal::ArenaImpl”的客户端使用
  (编译源文件“RespondCodec.cpp”)
      D:\Program Files\Microsoft Visual Studio Enterprise 2022\VC\Tools\MSVC\14.41.34120\include\atomic(2154,8):
      参见“std::atomic<unsigned __int64>”的声明
  
D:\Protobuf\protoc\include\google\protobuf\arena_impl.h(299,11): warning C4251: “google::protobuf::internal::ArenaImpl::options_”:“google::protobuf::internal::ArenaImpl::Options”需要有 dll 接口以供“google::protobuf::internal::ArenaImpl”的客户端使用
  (编译源文件“RespondCodec.cpp”)
      D:\Protobuf\protoc\include\google\protobuf\arena_impl.h(68,10):
      参见“google::protobuf::internal::ArenaImpl::Options”的声明
  
D:\Protobuf\protoc\include\google\protobuf\implicit_weak_message.h(97,15): warning C4251: “google::protobuf::internal::ImplicitWeakMessage::data_”:“std::basic_string<char,std::char_traits<char>,std::allocator<char>>”需要有 dll 接口以供“google::protobuf::internal::ImplicitWeakMessage”的客户端使用
  (编译源文件“RespondCodec.cpp”)
      D:\Program Files\Microsoft Visual Studio Enterprise 2022\VC\Tools\MSVC\14.41.34120\include\xstring(527,7):
      参见“std::basic_string<char,std::char_traits<char>,std::allocator<char>>”的声明
  
D:\Protobuf\protoc\include\google\protobuf\repeated_field.h(292,5): warning C4251: “google::protobuf::RepeatedField<bool>::ptr_”:“google::protobuf::RepeatedField<bool>::Pointer”需要有 dll 接口以供“google::protobuf::RepeatedField<bool>”的客户端使用
  (编译源文件“RespondCodec.cpp”)
      D:\Protobuf\protoc\include\google\protobuf\repeated_field.h(288,9):
      参见“google::protobuf::RepeatedField<bool>::Pointer”的声明
      D:\Protobuf\protoc\include\google\protobuf\repeated_field.h(292,5):
      模板实例化上下文(最早的实例化上下文)为
          D:\Protobuf\protoc\include\google\protobuf\repeated_field.h(2654,58):
          查看对正在编译的 类 模板 实例化“google::protobuf::RepeatedField<bool>”的引用
  
D:\Protobuf\protoc\include\google\protobuf\repeated_field.h(292,5): warning C4251: “google::protobuf::RepeatedField<google::protobuf::int32>::ptr_”:“google::protobuf::RepeatedField<google::protobuf::int32>::Pointer”需要有 dll 接口以供“google::protobuf::RepeatedField<google::protobuf::int32>”的客户端使用
  (编译源文件“RespondCodec.cpp”)
      D:\Protobuf\protoc\include\google\protobuf\repeated_field.h(288,9):
      参见“google::protobuf::RepeatedField<google::protobuf::int32>::Pointer”的声明
      D:\Protobuf\protoc\include\google\protobuf\repeated_field.h(292,5):
      模板实例化上下文(最早的实例化上下文)为
          D:\Protobuf\protoc\include\google\protobuf\repeated_field.h(2655,59):
          查看对正在编译的 类 模板 实例化“google::protobuf::RepeatedField<google::protobuf::int32>”的引用
  
D:\Protobuf\protoc\include\google\protobuf\repeated_field.h(292,5): warning C4251: “google::protobuf::RepeatedField<google::protobuf::uint32>::ptr_”:“google::protobuf::RepeatedField<google::protobuf::uint32>::Pointer”需要有 dll 接口以供“google::protobuf::RepeatedField<google::protobuf::uint32>”的客户端使用
  (编译源文件“RespondCodec.cpp”)
      D:\Protobuf\protoc\include\google\protobuf\repeated_field.h(288,9):
      参见“google::protobuf::RepeatedField<google::protobuf::uint32>::Pointer”的声明
      D:\Protobuf\protoc\include\google\protobuf\repeated_field.h(292,5):
      模板实例化上下文(最早的实例化上下文)为
          D:\Protobuf\protoc\include\google\protobuf\repeated_field.h(2656,60):
          查看对正在编译的 类 模板 实例化“google::protobuf::RepeatedField<google::protobuf::uint32>”的引用
  
D:\Protobuf\protoc\include\google\protobuf\repeated_field.h(292,5): warning C4251: “google::protobuf::RepeatedField<google::protobuf::int64>::ptr_”:“google::protobuf::RepeatedField<google::protobuf::int64>::Pointer”需要有 dll 接口以供“google::protobuf::RepeatedField<google::protobuf::int64>”的客户端使用
  (编译源文件“RespondCodec.cpp”)
      D:\Protobuf\protoc\include\google\protobuf\repeated_field.h(288,9):
      参见“google::protobuf::RepeatedField<google::protobuf::int64>::Pointer”的声明
      D:\Protobuf\protoc\include\google\protobuf\repeated_field.h(292,5):
      模板实例化上下文(最早的实例化上下文)为
          D:\Protobuf\protoc\include\google\protobuf\repeated_field.h(2657,59):
          查看对正在编译的 类 模板 实例化“google::protobuf::RepeatedField<google::protobuf::int64>”的引用
  
D:\Protobuf\protoc\include\google\protobuf\repeated_field.h(292,5): warning C4251: “google::protobuf::RepeatedField<google::protobuf::uint64>::ptr_”:“google::protobuf::RepeatedField<google::protobuf::uint64>::Pointer”需要有 dll 接口以供“google::protobuf::RepeatedField<google::protobuf::uint64>”的客户端使用
  (编译源文件“RespondCodec.cpp”)
      D:\Protobuf\protoc\include\google\protobuf\repeated_field.h(288,9):
      参见“google::protobuf::RepeatedField<google::protobuf::uint64>::Pointer”的声明
      D:\Protobuf\protoc\include\google\protobuf\repeated_field.h(292,5):
      模板实例化上下文(最早的实例化上下文)为
          D:\Protobuf\protoc\include\google\protobuf\repeated_field.h(2658,60):
          查看对正在编译的 类 模板 实例化“google::protobuf::RepeatedField<google::protobuf::uint64>”的引用
  
D:\Protobuf\protoc\include\google\protobuf\repeated_field.h(292,5): warning C4251: “google::protobuf::RepeatedField<float>::ptr_”:“google::protobuf::RepeatedField<float>::Pointer”需要有 dll 接口以供“google::protobuf::RepeatedField<float>”的客户端使用
  (编译源文件“RespondCodec.cpp”)
      D:\Protobuf\protoc\include\google\protobuf\repeated_field.h(288,9):
      参见“google::protobuf::RepeatedField<float>::Pointer”的声明
      D:\Protobuf\protoc\include\google\protobuf\repeated_field.h(292,5):
      模板实例化上下文(最早的实例化上下文)为
          D:\Protobuf\protoc\include\google\protobuf\repeated_field.h(2659,59):
          查看对正在编译的 类 模板 实例化“google::protobuf::RepeatedField<float>”的引用
  
D:\Protobuf\protoc\include\google\protobuf\repeated_field.h(292,5): warning C4251: “google::protobuf::RepeatedField<double>::ptr_”:“google::protobuf::RepeatedField<double>::Pointer”需要有 dll 接口以供“google::protobuf::RepeatedField<double>”的客户端使用
  (编译源文件“RespondCodec.cpp”)
      D:\Protobuf\protoc\include\google\protobuf\repeated_field.h(288,9):
      参见“google::protobuf::RepeatedField<double>::Pointer”的声明
      D:\Protobuf\protoc\include\google\protobuf\repeated_field.h(292,5):
      模板实例化上下文(最早的实例化上下文)为
          D:\Protobuf\protoc\include\google\protobuf\repeated_field.h(2660,60):
          查看对正在编译的 类 模板 实例化“google::protobuf::RepeatedField<double>”的引用
  
D:\Protobuf\protoc\include\google\protobuf\generated_message_util.h(175,20): warning C4251: “google::protobuf::internal::CachedSize::size_”:“std::atomic<int>”需要有 dll 接口以供“google::protobuf::internal::CachedSize”的客户端使用
  (编译源文件“RespondCodec.cpp”)
      D:\Program Files\Microsoft Visual Studio Enterprise 2022\VC\Tools\MSVC\14.41.34120\include\atomic(2154,8):
      参见“std::atomic<int>”的声明
  
D:\Protobuf\protoc\include\google\protobuf\metadata_lite.h(226,15): warning C4251: “google::protobuf::internal::LiteUnknownFieldSetter::buffer_”:“std::basic_string<char,std::char_traits<char>,std::allocator<char>>”需要有 dll 接口以供“google::protobuf::internal::LiteUnknownFieldSetter”的客户端使用
  (编译源文件“RespondCodec.cpp”)
      D:\Program Files\Microsoft Visual Studio Enterprise 2022\VC\Tools\MSVC\14.41.34120\include\xstring(527,7):
      参见“std::basic_string<char,std::char_traits<char>,std::allocator<char>>”的声明
  
D:\Protobuf\protoc\include\google\protobuf\parse_context.h(127,18): warning C4244: “+=”: 从“__int64”转换到“int”，可能丢失数据
  (编译源文件“RespondCodec.cpp”)
  
D:\Protobuf\protoc\include\google\protobuf\inlined_string_field.h(158,15): warning C4251: “google::protobuf::internal::InlinedStringField::value_”:“std::basic_string<char,std::char_traits<char>,std::allocator<char>>”需要有 dll 接口以供“google::protobuf::internal::InlinedStringField”的客户端使用
  (编译源文件“RespondCodec.cpp”)
      D:\Program Files\Microsoft Visual Studio Enterprise 2022\VC\Tools\MSVC\14.41.34120\include\xstring(527,7):
      参见“std::basic_string<char,std::char_traits<char>,std::allocator<char>>”的声明
  
D:\Protobuf\protoc\include\google\protobuf\unknown_field_set.h(182,29): warning C4251: “google::protobuf::UnknownFieldSet::fields_”:“std::vector<google::protobuf::UnknownField,std::allocator<google::protobuf::UnknownField>>”需要有 dll 接口以供“google::protobuf::UnknownFieldSet”的客户端使用
  (编译源文件“RespondCodec.cpp”)
      D:\Program Files\Microsoft Visual Studio Enterprise 2022\VC\Tools\MSVC\14.41.34120\include\vector(429,7):
      参见“std::vector<google::protobuf::UnknownField,std::allocator<google::protobuf::UnknownField>>”的声明
  
D:\Protobuf\protoc\include\google\protobuf\stubs\mutex.h(107,14): warning C4251: “google::protobuf::internal::WrappedMutex::mu_”:“std::mutex”需要有 dll 接口以供“google::protobuf::internal::WrappedMutex”的客户端使用
  (编译源文件“RespondCodec.cpp”)
      D:\Program Files\Microsoft Visual Studio Enterprise 2022\VC\Tools\MSVC\14.41.34120\include\mutex(98,19):
      参见“std::mutex”的声明
  
D:\Protobuf\protoc\include\google\protobuf\descriptor.h(1839,27): warning C4251: “google::protobuf::DescriptorPool::tables_”:“std::unique_ptr<google::protobuf::DescriptorPool::Tables,std::default_delete<google::protobuf::DescriptorPool::Tables>>”需要有 dll 接口以供“google::protobuf::DescriptorPool”的客户端使用
  (编译源文件“RespondCodec.cpp”)
      D:\Program Files\Microsoft Visual Studio Enterprise 2022\VC\Tools\MSVC\14.41.34120\include\memory(3335,7):
      参见“std::unique_ptr<google::protobuf::DescriptorPool::Tables,std::default_delete<google::protobuf::DescriptorPool::Tables>>”的声明
  
D:\Protobuf\protoc\include\google\protobuf\descriptor.h(1846,25): warning C4251: “google::protobuf::DescriptorPool::unused_import_track_files_”:“std::set<std::string,std::less<std::string>,std::allocator<std::string>>”需要有 dll 接口以供“google::protobuf::DescriptorPool”的客户端使用
  (编译源文件“RespondCodec.cpp”)
      D:\Program Files\Microsoft Visual Studio Enterprise 2022\VC\Tools\MSVC\14.41.34120\include\set(51,7):
      参见“std::set<std::string,std::less<std::string>,std::allocator<std::string>>”的声明
  
  RespondFactory.cpp
D:\Protobuf\protoc\include\google\protobuf\io\coded_stream.h(881,28): warning C4251: “google::protobuf::io::CodedOutputStream::default_serialization_deterministic_”:“std::atomic<bool>”需要有 dll 接口以供“google::protobuf::io::CodedOutputStream”的客户端使用
  (编译源文件“RespondFactory.cpp”)
      D:\Program Files\Microsoft Visual Studio Enterprise 2022\VC\Tools\MSVC\14.41.34120\include\atomic(2154,8):
      参见“std::atomic<bool>”的声明
  
D:\Protobuf\protoc\include\google\protobuf\stubs\logging.h(102,15): warning C4251: “google::protobuf::internal::LogMessage::message_”:“std::basic_string<char,std::char_traits<char>,std::allocator<char>>”需要有 dll 接口以供“google::protobuf::internal::LogMessage”的客户端使用
  (编译源文件“RespondFactory.cpp”)
      D:\Program Files\Microsoft Visual Studio Enterprise 2022\VC\Tools\MSVC\14.41.34120\include\xstring(527,7):
      参见“std::basic_string<char,std::char_traits<char>,std::allocator<char>>”的声明
  
D:\Protobuf\protoc\include\google\protobuf\arena_impl.h(251,35): warning C4251: “google::protobuf::internal::ArenaImpl::lifecycle_id_generator_”:“std::atomic<__int64>”需要有 dll 接口以供“google::protobuf::internal::ArenaImpl”的客户端使用
  (编译源文件“RespondFactory.cpp”)
      D:\Program Files\Microsoft Visual Studio Enterprise 2022\VC\Tools\MSVC\14.41.34120\include\atomic(2154,8):
      参见“std::atomic<__int64>”的声明
  
D:\Protobuf\protoc\include\google\protobuf\arena_impl.h(285,7): warning C4251: “google::protobuf::internal::ArenaImpl::threads_”:“std::atomic<google::protobuf::internal::ArenaImpl::SerialArena *>”需要有 dll 接口以供“google::protobuf::internal::ArenaImpl”的客户端使用
  (编译源文件“RespondFactory.cpp”)
      D:\Program Files\Microsoft Visual Studio Enterprise 2022\VC\Tools\MSVC\14.41.34120\include\atomic(2154,8):
      参见“std::atomic<google::protobuf::internal::ArenaImpl::SerialArena *>”的声明
  
D:\Protobuf\protoc\include\google\protobuf\arena_impl.h(286,29): warning C4251: “google::protobuf::internal::ArenaImpl::hint_”:“std::atomic<google::protobuf::internal::ArenaImpl::SerialArena *>”需要有 dll 接口以供“google::protobuf::internal::ArenaImpl”的客户端使用
  (编译源文件“RespondFactory.cpp”)
      D:\Program Files\Microsoft Visual Studio Enterprise 2022\VC\Tools\MSVC\14.41.34120\include\atomic(2154,8):
      参见“std::atomic<google::protobuf::internal::ArenaImpl::SerialArena *>”的声明
  
D:\Protobuf\protoc\include\google\protobuf\arena_impl.h(287,23): warning C4251: “google::protobuf::internal::ArenaImpl::space_allocated_”:“std::atomic<unsigned __int64>”需要有 dll 接口以供“google::protobuf::internal::ArenaImpl”的客户端使用
  (编译源文件“RespondFactory.cpp”)
      D:\Program Files\Microsoft Visual Studio Enterprise 2022\VC\Tools\MSVC\14.41.34120\include\atomic(2154,8):
      参见“std::atomic<unsigned __int64>”的声明
  
D:\Protobuf\protoc\include\google\protobuf\arena_impl.h(299,11): warning C4251: “google::protobuf::internal::ArenaImpl::options_”:“google::protobuf::internal::ArenaImpl::Options”需要有 dll 接口以供“google::protobuf::internal::ArenaImpl”的客户端使用
  (编译源文件“RespondFactory.cpp”)
      D:\Protobuf\protoc\include\google\protobuf\arena_impl.h(68,10):
      参见“google::protobuf::internal::ArenaImpl::Options”的声明
  
D:\Protobuf\protoc\include\google\protobuf\implicit_weak_message.h(97,15): warning C4251: “google::protobuf::internal::ImplicitWeakMessage::data_”:“std::basic_string<char,std::char_traits<char>,std::allocator<char>>”需要有 dll 接口以供“google::protobuf::internal::ImplicitWeakMessage”的客户端使用
  (编译源文件“RespondFactory.cpp”)
      D:\Program Files\Microsoft Visual Studio Enterprise 2022\VC\Tools\MSVC\14.41.34120\include\xstring(527,7):
      参见“std::basic_string<char,std::char_traits<char>,std::allocator<char>>”的声明
  
D:\Protobuf\protoc\include\google\protobuf\repeated_field.h(292,5): warning C4251: “google::protobuf::RepeatedField<bool>::ptr_”:“google::protobuf::RepeatedField<bool>::Pointer”需要有 dll 接口以供“google::protobuf::RepeatedField<bool>”的客户端使用
  (编译源文件“RespondFactory.cpp”)
      D:\Protobuf\protoc\include\google\protobuf\repeated_field.h(288,9):
      参见“google::protobuf::RepeatedField<bool>::Pointer”的声明
      D:\Protobuf\protoc\include\google\protobuf\repeated_field.h(292,5):
      模板实例化上下文(最早的实例化上下文)为
          D:\Protobuf\protoc\include\google\protobuf\repeated_field.h(2654,58):
          查看对正在编译的 类 模板 实例化“google::protobuf::RepeatedField<bool>”的引用
  
D:\Protobuf\protoc\include\google\protobuf\repeated_field.h(292,5): warning C4251: “google::protobuf::RepeatedField<google::protobuf::int32>::ptr_”:“google::protobuf::RepeatedField<google::protobuf::int32>::Pointer”需要有 dll 接口以供“google::protobuf::RepeatedField<google::protobuf::int32>”的客户端使用
  (编译源文件“RespondFactory.cpp”)
      D:\Protobuf\protoc\include\google\protobuf\repeated_field.h(288,9):
      参见“google::protobuf::RepeatedField<google::protobuf::int32>::Pointer”的声明
      D:\Protobuf\protoc\include\google\protobuf\repeated_field.h(292,5):
      模板实例化上下文(最早的实例化上下文)为
          D:\Protobuf\protoc\include\google\protobuf\repeated_field.h(2655,59):
          查看对正在编译的 类 模板 实例化“google::protobuf::RepeatedField<google::protobuf::int32>”的引用
  
D:\Protobuf\protoc\include\google\protobuf\repeated_field.h(292,5): warning C4251: “google::protobuf::RepeatedField<google::protobuf::uint32>::ptr_”:“google::protobuf::RepeatedField<google::protobuf::uint32>::Pointer”需要有 dll 接口以供“google::protobuf::RepeatedField<google::protobuf::uint32>”的客户端使用
  (编译源文件“RespondFactory.cpp”)
      D:\Protobuf\protoc\include\google\protobuf\repeated_field.h(288,9):
      参见“google::protobuf::RepeatedField<google::protobuf::uint32>::Pointer”的声明
      D:\Protobuf\protoc\include\google\protobuf\repeated_field.h(292,5):
      模板实例化上下文(最早的实例化上下文)为
          D:\Protobuf\protoc\include\google\protobuf\repeated_field.h(2656,60):
          查看对正在编译的 类 模板 实例化“google::protobuf::RepeatedField<google::protobuf::uint32>”的引用
  
D:\Protobuf\protoc\include\google\protobuf\repeated_field.h(292,5): warning C4251: “google::protobuf::RepeatedField<google::protobuf::int64>::ptr_”:“google::protobuf::RepeatedField<google::protobuf::int64>::Pointer”需要有 dll 接口以供“google::protobuf::RepeatedField<google::protobuf::int64>”的客户端使用
  (编译源文件“RespondFactory.cpp”)
      D:\Protobuf\protoc\include\google\protobuf\repeated_field.h(288,9):
      参见“google::protobuf::RepeatedField<google::protobuf::int64>::Pointer”的声明
      D:\Protobuf\protoc\include\google\protobuf\repeated_field.h(292,5):
      模板实例化上下文(最早的实例化上下文)为
          D:\Protobuf\protoc\include\google\protobuf\repeated_field.h(2657,59):
          查看对正在编译的 类 模板 实例化“google::protobuf::RepeatedField<google::protobuf::int64>”的引用
  
D:\Protobuf\protoc\include\google\protobuf\repeated_field.h(292,5): warning C4251: “google::protobuf::RepeatedField<google::protobuf::uint64>::ptr_”:“google::protobuf::RepeatedField<google::protobuf::uint64>::Pointer”需要有 dll 接口以供“google::protobuf::RepeatedField<google::protobuf::uint64>”的客户端使用
  (编译源文件“RespondFactory.cpp”)
      D:\Protobuf\protoc\include\google\protobuf\repeated_field.h(288,9):
      参见“google::protobuf::RepeatedField<google::protobuf::uint64>::Pointer”的声明
      D:\Protobuf\protoc\include\google\protobuf\repeated_field.h(292,5):
      模板实例化上下文(最早的实例化上下文)为
          D:\Protobuf\protoc\include\google\protobuf\repeated_field.h(2658,60):
          查看对正在编译的 类 模板 实例化“google::protobuf::RepeatedField<google::protobuf::uint64>”的引用
  
D:\Protobuf\protoc\include\google\protobuf\repeated_field.h(292,5): warning C4251: “google::protobuf::RepeatedField<float>::ptr_”:“google::protobuf::RepeatedField<float>::Pointer”需要有 dll 接口以供“google::protobuf::RepeatedField<float>”的客户端使用
  (编译源文件“RespondFactory.cpp”)
      D:\Protobuf\protoc\include\google\protobuf\repeated_field.h(288,9):
      参见“google::protobuf::RepeatedField<float>::Pointer”的声明
      D:\Protobuf\protoc\include\google\protobuf\repeated_field.h(292,5):
      模板实例化上下文(最早的实例化上下文)为
          D:\Protobuf\protoc\include\google\protobuf\repeated_field.h(2659,59):
          查看对正在编译的 类 模板 实例化“google::protobuf::RepeatedField<float>”的引用
  
D:\Protobuf\protoc\include\google\protobuf\repeated_field.h(292,5): warning C4251: “google::protobuf::RepeatedField<double>::ptr_”:“google::protobuf::RepeatedField<double>::Pointer”需要有 dll 接口以供“google::protobuf::RepeatedField<double>”的客户端使用
  (编译源文件“RespondFactory.cpp”)
      D:\Protobuf\protoc\include\google\protobuf\repeated_field.h(288,9):
      参见“google::protobuf::RepeatedField<double>::Pointer”的声明
      D:\Protobuf\protoc\include\google\protobuf\repeated_field.h(292,5):
      模板实例化上下文(最早的实例化上下文)为
          D:\Protobuf\protoc\include\google\protobuf\repeated_field.h(2660,60):
          查看对正在编译的 类 模板 实例化“google::protobuf::RepeatedField<double>”的引用
  
D:\Protobuf\protoc\include\google\protobuf\generated_message_util.h(175,20): warning C4251: “google::protobuf::internal::CachedSize::size_”:“std::atomic<int>”需要有 dll 接口以供“google::protobuf::internal::CachedSize”的客户端使用
  (编译源文件“RespondFactory.cpp”)
      D:\Program Files\Microsoft Visual Studio Enterprise 2022\VC\Tools\MSVC\14.41.34120\include\atomic(2154,8):
      参见“std::atomic<int>”的声明
  
D:\Protobuf\protoc\include\google\protobuf\metadata_lite.h(226,15): warning C4251: “google::protobuf::internal::LiteUnknownFieldSetter::buffer_”:“std::basic_string<char,std::char_traits<char>,std::allocator<char>>”需要有 dll 接口以供“google::protobuf::internal::LiteUnknownFieldSetter”的客户端使用
  (编译源文件“RespondFactory.cpp”)
      D:\Program Files\Microsoft Visual Studio Enterprise 2022\VC\Tools\MSVC\14.41.34120\include\xstring(527,7):
      参见“std::basic_string<char,std::char_traits<char>,std::allocator<char>>”的声明
  
D:\Protobuf\protoc\include\google\protobuf\parse_context.h(127,18): warning C4244: “+=”: 从“__int64”转换到“int”，可能丢失数据
  (编译源文件“RespondFactory.cpp”)
  
D:\Protobuf\protoc\include\google\protobuf\inlined_string_field.h(158,15): warning C4251: “google::protobuf::internal::InlinedStringField::value_”:“std::basic_string<char,std::char_traits<char>,std::allocator<char>>”需要有 dll 接口以供“google::protobuf::internal::InlinedStringField”的客户端使用
  (编译源文件“RespondFactory.cpp”)
      D:\Program Files\Microsoft Visual Studio Enterprise 2022\VC\Tools\MSVC\14.41.34120\include\xstring(527,7):
      参见“std::basic_string<char,std::char_traits<char>,std::allocator<char>>”的声明
  
D:\Protobuf\protoc\include\google\protobuf\unknown_field_set.h(182,29): warning C4251: “google::protobuf::UnknownFieldSet::fields_”:“std::vector<google::protobuf::UnknownField,std::allocator<google::protobuf::UnknownField>>”需要有 dll 接口以供“google::protobuf::UnknownFieldSet”的客户端使用
  (编译源文件“RespondFactory.cpp”)
      D:\Program Files\Microsoft Visual Studio Enterprise 2022\VC\Tools\MSVC\14.41.34120\include\vector(429,7):
      参见“std::vector<google::protobuf::UnknownField,std::allocator<google::protobuf::UnknownField>>”的声明
  
D:\Protobuf\protoc\include\google\protobuf\stubs\mutex.h(107,14): warning C4251: “google::protobuf::internal::WrappedMutex::mu_”:“std::mutex”需要有 dll 接口以供“google::protobuf::internal::WrappedMutex”的客户端使用
  (编译源文件“RespondFactory.cpp”)
      D:\Program Files\Microsoft Visual Studio Enterprise 2022\VC\Tools\MSVC\14.41.34120\include\mutex(98,19):
      参见“std::mutex”的声明
  
D:\Protobuf\protoc\include\google\protobuf\descriptor.h(1839,27): warning C4251: “google::protobuf::DescriptorPool::tables_”:“std::unique_ptr<google::protobuf::DescriptorPool::Tables,std::default_delete<google::protobuf::DescriptorPool::Tables>>”需要有 dll 接口以供“google::protobuf::DescriptorPool”的客户端使用
  (编译源文件“RespondFactory.cpp”)
      D:\Program Files\Microsoft Visual Studio Enterprise 2022\VC\Tools\MSVC\14.41.34120\include\memory(3335,7):
      参见“std::unique_ptr<google::protobuf::DescriptorPool::Tables,std::default_delete<google::protobuf::DescriptorPool::Tables>>”的声明
  
D:\Protobuf\protoc\include\google\protobuf\descriptor.h(1846,25): warning C4251: “google::protobuf::DescriptorPool::unused_import_track_files_”:“std::set<std::string,std::less<std::string>,std::allocator<std::string>>”需要有 dll 接口以供“google::protobuf::DescriptorPool”的客户端使用
  (编译源文件“RespondFactory.cpp”)
      D:\Program Files\Microsoft Visual Studio Enterprise 2022\VC\Tools\MSVC\14.41.34120\include\set(51,7):
      参见“std::set<std::string,std::less<std::string>,std::allocator<std::string>>”的声明
  
  test.cpp
D:\Protobuf\protoc\include\google\protobuf\io\coded_stream.h(881,28): warning C4251: “google::protobuf::io::CodedOutputStream::default_serialization_deterministic_”:“std::atomic<bool>”需要有 dll 接口以供“google::protobuf::io::CodedOutputStream”的客户端使用
  (编译源文件“test.cpp”)
      D:\Program Files\Microsoft Visual Studio Enterprise 2022\VC\Tools\MSVC\14.41.34120\include\atomic(2154,8):
      参见“std::atomic<bool>”的声明
  
D:\Protobuf\protoc\include\google\protobuf\stubs\logging.h(102,15): warning C4251: “google::protobuf::internal::LogMessage::message_”:“std::basic_string<char,std::char_traits<char>,std::allocator<char>>”需要有 dll 接口以供“google::protobuf::internal::LogMessage”的客户端使用
  (编译源文件“test.cpp”)
      D:\Program Files\Microsoft Visual Studio Enterprise 2022\VC\Tools\MSVC\14.41.34120\include\xstring(527,7):
      参见“std::basic_string<char,std::char_traits<char>,std::allocator<char>>”的声明
  
D:\Protobuf\protoc\include\google\protobuf\arena_impl.h(251,35): warning C4251: “google::protobuf::internal::ArenaImpl::lifecycle_id_generator_”:“std::atomic<__int64>”需要有 dll 接口以供“google::protobuf::internal::ArenaImpl”的客户端使用
  (编译源文件“test.cpp”)
      D:\Program Files\Microsoft Visual Studio Enterprise 2022\VC\Tools\MSVC\14.41.34120\include\atomic(2154,8):
      参见“std::atomic<__int64>”的声明
  
D:\Protobuf\protoc\include\google\protobuf\arena_impl.h(285,7): warning C4251: “google::protobuf::internal::ArenaImpl::threads_”:“std::atomic<google::protobuf::internal::ArenaImpl::SerialArena *>”需要有 dll 接口以供“google::protobuf::internal::ArenaImpl”的客户端使用
  (编译源文件“test.cpp”)
      D:\Program Files\Microsoft Visual Studio Enterprise 2022\VC\Tools\MSVC\14.41.34120\include\atomic(2154,8):
      参见“std::atomic<google::protobuf::internal::ArenaImpl::SerialArena *>”的声明
  
D:\Protobuf\protoc\include\google\protobuf\arena_impl.h(286,29): warning C4251: “google::protobuf::internal::ArenaImpl::hint_”:“std::atomic<google::protobuf::internal::ArenaImpl::SerialArena *>”需要有 dll 接口以供“google::protobuf::internal::ArenaImpl”的客户端使用
  (编译源文件“test.cpp”)
      D:\Program Files\Microsoft Visual Studio Enterprise 2022\VC\Tools\MSVC\14.41.34120\include\atomic(2154,8):
      参见“std::atomic<google::protobuf::internal::ArenaImpl::SerialArena *>”的声明
  
D:\Protobuf\protoc\include\google\protobuf\arena_impl.h(287,23): warning C4251: “google::protobuf::internal::ArenaImpl::space_allocated_”:“std::atomic<unsigned __int64>”需要有 dll 接口以供“google::protobuf::internal::ArenaImpl”的客户端使用
  (编译源文件“test.cpp”)
      D:\Program Files\Microsoft Visual Studio Enterprise 2022\VC\Tools\MSVC\14.41.34120\include\atomic(2154,8):
      参见“std::atomic<unsigned __int64>”的声明
  
D:\Protobuf\protoc\include\google\protobuf\arena_impl.h(299,11): warning C4251: “google::protobuf::internal::ArenaImpl::options_”:“google::protobuf::internal::ArenaImpl::Options”需要有 dll 接口以供“google::protobuf::internal::ArenaImpl”的客户端使用
  (编译源文件“test.cpp”)
      D:\Protobuf\protoc\include\google\protobuf\arena_impl.h(68,10):
      参见“google::protobuf::internal::ArenaImpl::Options”的声明
  
D:\Protobuf\protoc\include\google\protobuf\implicit_weak_message.h(97,15): warning C4251: “google::protobuf::internal::ImplicitWeakMessage::data_”:“std::basic_string<char,std::char_traits<char>,std::allocator<char>>”需要有 dll 接口以供“google::protobuf::internal::ImplicitWeakMessage”的客户端使用
  (编译源文件“test.cpp”)
      D:\Program Files\Microsoft Visual Studio Enterprise 2022\VC\Tools\MSVC\14.41.34120\include\xstring(527,7):
      参见“std::basic_string<char,std::char_traits<char>,std::allocator<char>>”的声明
  
D:\Protobuf\protoc\include\google\protobuf\repeated_field.h(292,5): warning C4251: “google::protobuf::RepeatedField<bool>::ptr_”:“google::protobuf::RepeatedField<bool>::Pointer”需要有 dll 接口以供“google::protobuf::RepeatedField<bool>”的客户端使用
  (编译源文件“test.cpp”)
      D:\Protobuf\protoc\include\google\protobuf\repeated_field.h(288,9):
      参见“google::protobuf::RepeatedField<bool>::Pointer”的声明
      D:\Protobuf\protoc\include\google\protobuf\repeated_field.h(292,5):
      模板实例化上下文(最早的实例化上下文)为
          D:\Protobuf\protoc\include\google\protobuf\repeated_field.h(2654,58):
          查看对正在编译的 类 模板 实例化“google::protobuf::RepeatedField<bool>”的引用
  
D:\Protobuf\protoc\include\google\protobuf\repeated_field.h(292,5): warning C4251: “google::protobuf::RepeatedField<google::protobuf::int32>::ptr_”:“google::protobuf::RepeatedField<google::protobuf::int32>::Pointer”需要有 dll 接口以供“google::protobuf::RepeatedField<google::protobuf::int32>”的客户端使用
  (编译源文件“test.cpp”)
      D:\Protobuf\protoc\include\google\protobuf\repeated_field.h(288,9):
      参见“google::protobuf::RepeatedField<google::protobuf::int32>::Pointer”的声明
      D:\Protobuf\protoc\include\google\protobuf\repeated_field.h(292,5):
      模板实例化上下文(最早的实例化上下文)为
          D:\Protobuf\protoc\include\google\protobuf\repeated_field.h(2655,59):
          查看对正在编译的 类 模板 实例化“google::protobuf::RepeatedField<google::protobuf::int32>”的引用
  
D:\Protobuf\protoc\include\google\protobuf\repeated_field.h(292,5): warning C4251: “google::protobuf::RepeatedField<google::protobuf::uint32>::ptr_”:“google::protobuf::RepeatedField<google::protobuf::uint32>::Pointer”需要有 dll 接口以供“google::protobuf::RepeatedField<google::protobuf::uint32>”的客户端使用
  (编译源文件“test.cpp”)
      D:\Protobuf\protoc\include\google\protobuf\repeated_field.h(288,9):
      参见“google::protobuf::RepeatedField<google::protobuf::uint32>::Pointer”的声明
      D:\Protobuf\protoc\include\google\protobuf\repeated_field.h(292,5):
      模板实例化上下文(最早的实例化上下文)为
          D:\Protobuf\protoc\include\google\protobuf\repeated_field.h(2656,60):
          查看对正在编译的 类 模板 实例化“google::protobuf::RepeatedField<google::protobuf::uint32>”的引用
  
D:\Protobuf\protoc\include\google\protobuf\repeated_field.h(292,5): warning C4251: “google::protobuf::RepeatedField<google::protobuf::int64>::ptr_”:“google::protobuf::RepeatedField<google::protobuf::int64>::Pointer”需要有 dll 接口以供“google::protobuf::RepeatedField<google::protobuf::int64>”的客户端使用
  (编译源文件“test.cpp”)
      D:\Protobuf\protoc\include\google\protobuf\repeated_field.h(288,9):
      参见“google::protobuf::RepeatedField<google::protobuf::int64>::Pointer”的声明
      D:\Protobuf\protoc\include\google\protobuf\repeated_field.h(292,5):
      模板实例化上下文(最早的实例化上下文)为
          D:\Protobuf\protoc\include\google\protobuf\repeated_field.h(2657,59):
          查看对正在编译的 类 模板 实例化“google::protobuf::RepeatedField<google::protobuf::int64>”的引用
  
D:\Protobuf\protoc\include\google\protobuf\repeated_field.h(292,5): warning C4251: “google::protobuf::RepeatedField<google::protobuf::uint64>::ptr_”:“google::protobuf::RepeatedField<google::protobuf::uint64>::Pointer”需要有 dll 接口以供“google::protobuf::RepeatedField<google::protobuf::uint64>”的客户端使用
  (编译源文件“test.cpp”)
      D:\Protobuf\protoc\include\google\protobuf\repeated_field.h(288,9):
      参见“google::protobuf::RepeatedField<google::protobuf::uint64>::Pointer”的声明
      D:\Protobuf\protoc\include\google\protobuf\repeated_field.h(292,5):
      模板实例化上下文(最早的实例化上下文)为
          D:\Protobuf\protoc\include\google\protobuf\repeated_field.h(2658,60):
          查看对正在编译的 类 模板 实例化“google::protobuf::RepeatedField<google::protobuf::uint64>”的引用
  
D:\Protobuf\protoc\include\google\protobuf\repeated_field.h(292,5): warning C4251: “google::protobuf::RepeatedField<float>::ptr_”:“google::protobuf::RepeatedField<float>::Pointer”需要有 dll 接口以供“google::protobuf::RepeatedField<float>”的客户端使用
  (编译源文件“test.cpp”)
      D:\Protobuf\protoc\include\google\protobuf\repeated_field.h(288,9):
      参见“google::protobuf::RepeatedField<float>::Pointer”的声明
      D:\Protobuf\protoc\include\google\protobuf\repeated_field.h(292,5):
      模板实例化上下文(最早的实例化上下文)为
          D:\Protobuf\protoc\include\google\protobuf\repeated_field.h(2659,59):
          查看对正在编译的 类 模板 实例化“google::protobuf::RepeatedField<float>”的引用
  
D:\Protobuf\protoc\include\google\protobuf\repeated_field.h(292,5): warning C4251: “google::protobuf::RepeatedField<double>::ptr_”:“google::protobuf::RepeatedField<double>::Pointer”需要有 dll 接口以供“google::protobuf::RepeatedField<double>”的客户端使用
  (编译源文件“test.cpp”)
      D:\Protobuf\protoc\include\google\protobuf\repeated_field.h(288,9):
      参见“google::protobuf::RepeatedField<double>::Pointer”的声明
      D:\Protobuf\protoc\include\google\protobuf\repeated_field.h(292,5):
      模板实例化上下文(最早的实例化上下文)为
          D:\Protobuf\protoc\include\google\protobuf\repeated_field.h(2660,60):
          查看对正在编译的 类 模板 实例化“google::protobuf::RepeatedField<double>”的引用
  
D:\Protobuf\protoc\include\google\protobuf\generated_message_util.h(175,20): warning C4251: “google::protobuf::internal::CachedSize::size_”:“std::atomic<int>”需要有 dll 接口以供“google::protobuf::internal::CachedSize”的客户端使用
  (编译源文件“test.cpp”)
      D:\Program Files\Microsoft Visual Studio Enterprise 2022\VC\Tools\MSVC\14.41.34120\include\atomic(2154,8):
      参见“std::atomic<int>”的声明
  
D:\Protobuf\protoc\include\google\protobuf\metadata_lite.h(226,15): warning C4251: “google::protobuf::internal::LiteUnknownFieldSetter::buffer_”:“std::basic_string<char,std::char_traits<char>,std::allocator<char>>”需要有 dll 接口以供“google::protobuf::internal::LiteUnknownFieldSetter”的客户端使用
  (编译源文件“test.cpp”)
      D:\Program Files\Microsoft Visual Studio Enterprise 2022\VC\Tools\MSVC\14.41.34120\include\xstring(527,7):
      参见“std::basic_string<char,std::char_traits<char>,std::allocator<char>>”的声明
  
D:\Protobuf\protoc\include\google\protobuf\parse_context.h(127,18): warning C4244: “+=”: 从“__int64”转换到“int”，可能丢失数据
  (编译源文件“test.cpp”)
  
D:\Protobuf\protoc\include\google\protobuf\inlined_string_field.h(158,15): warning C4251: “google::protobuf::internal::InlinedStringField::value_”:“std::basic_string<char,std::char_traits<char>,std::allocator<char>>”需要有 dll 接口以供“google::protobuf::internal::InlinedStringField”的客户端使用
  (编译源文件“test.cpp”)
      D:\Program Files\Microsoft Visual Studio Enterprise 2022\VC\Tools\MSVC\14.41.34120\include\xstring(527,7):
      参见“std::basic_string<char,std::char_traits<char>,std::allocator<char>>”的声明
  
D:\Protobuf\protoc\include\google\protobuf\unknown_field_set.h(182,29): warning C4251: “google::protobuf::UnknownFieldSet::fields_”:“std::vector<google::protobuf::UnknownField,std::allocator<google::protobuf::UnknownField>>”需要有 dll 接口以供“google::protobuf::UnknownFieldSet”的客户端使用
  (编译源文件“test.cpp”)
      D:\Program Files\Microsoft Visual Studio Enterprise 2022\VC\Tools\MSVC\14.41.34120\include\vector(429,7):
      参见“std::vector<google::protobuf::UnknownField,std::allocator<google::protobuf::UnknownField>>”的声明
  
D:\Protobuf\protoc\include\google\protobuf\stubs\mutex.h(107,14): warning C4251: “google::protobuf::internal::WrappedMutex::mu_”:“std::mutex”需要有 dll 接口以供“google::protobuf::internal::WrappedMutex”的客户端使用
  (编译源文件“test.cpp”)
      D:\Program Files\Microsoft Visual Studio Enterprise 2022\VC\Tools\MSVC\14.41.34120\include\mutex(98,19):
      参见“std::mutex”的声明
  
D:\Protobuf\protoc\include\google\protobuf\descriptor.h(1839,27): warning C4251: “google::protobuf::DescriptorPool::tables_”:“std::unique_ptr<google::protobuf::DescriptorPool::Tables,std::default_delete<google::protobuf::DescriptorPool::Tables>>”需要有 dll 接口以供“google::protobuf::DescriptorPool”的客户端使用
  (编译源文件“test.cpp”)
      D:\Program Files\Microsoft Visual Studio Enterprise 2022\VC\Tools\MSVC\14.41.34120\include\memory(3335,7):
      参见“std::unique_ptr<google::protobuf::DescriptorPool::Tables,std::default_delete<google::protobuf::DescriptorPool::Tables>>”的声明
  
D:\Protobuf\protoc\include\google\protobuf\descriptor.h(1846,25): warning C4251: “google::protobuf::DescriptorPool::unused_import_track_files_”:“std::set<std::string,std::less<std::string>,std::allocator<std::string>>”需要有 dll 接口以供“google::protobuf::DescriptorPool”的客户端使用
  (编译源文件“test.cpp”)
      D:\Program Files\Microsoft Visual Studio Enterprise 2022\VC\Tools\MSVC\14.41.34120\include\set(51,7):
      参见“std::set<std::string,std::less<std::string>,std::allocator<std::string>>”的声明
  
  正在生成代码...
  EndDecCode.vcxproj -> D:\VisualStudio_program\多端安全协议传输平台\EndDecCode\x64\Debug\EndDecCode.exe
